<?xml version="1.0" encoding="UTF-8"?>
<!-- Generated by org.testng.reporters.JUnitReportReporter -->
<testsuite hostname="AshokLP" failures="0" tests="1" name="com.lao.restassuredTest.SimplePostRequest" time="3.143" errors="0" timestamp="2023-08-28T11:50:47 IST" skipped="0">
  <testcase classname="com.lao.restassuredTest.SimplePostRequest" name="PostRequest" time="3.143"/>
  <system-out/>
</testsuite> <!-- com.lao.restassuredTest.SimplePostRequest -->
