<?xml version="1.0" encoding="UTF-8"?>
<!-- Generated by org.testng.reporters.JUnitReportReporter -->
<testsuite hostname="AshokLP" failures="0" tests="5" name="com.ems.bdd_style.GetAllEmployeesBDD" time="3.538" errors="0" timestamp="2023-09-04T13:17:48 IST" skipped="4">
  <testcase classname="com.ems.bdd_style.GetAllEmployeesBDD" name="createAnEmployeeBDD" time="3.538"/>
  <system-out/>
  <testcase classname="com.ems.bdd_style.GetAllEmployeesBDD" name="deleteAnEmployee">
    <skipped/>
  </testcase> <!-- deleteAnEmployee -->
  <system-out/>
  <testcase classname="com.ems.bdd_style.GetAllEmployeesBDD" name="updateAnEmployeeBDD">
    <skipped/>
  </testcase> <!-- updateAnEmployeeBDD -->
  <system-out/>
  <testcase classname="com.ems.bdd_style.GetAllEmployeesBDD" name="getAllEmployeesBDD">
    <skipped/>
  </testcase> <!-- getAllEmployeesBDD -->
  <system-out/>
  <testcase classname="com.ems.bdd_style.GetAllEmployeesBDD" name="createEmployeefromJSONfile">
    <skipped/>
  </testcase> <!-- createEmployeefromJSONfile -->
  <system-out/>
</testsuite> <!-- com.ems.bdd_style.GetAllEmployeesBDD -->
