<?xml version="1.0" encoding="UTF-8"?>
<!-- Generated by org.testng.reporters.JUnitReportReporter -->
<testsuite hostname="AshokLP" failures="0" tests="1" name="com.lao.restassured.Serialization" time="4.804" errors="0" timestamp="2023-08-28T15:38:54 IST" skipped="0">
  <testcase classname="com.lao.restassured.Serialization" name="Serialization" time="4.804"/>
  <system-out/>
</testsuite> <!-- com.lao.restassured.Serialization -->
