<?xml version="1.0" encoding="UTF-8"?>
<!-- Generated by org.testng.reporters.JUnitReportReporter -->
<testsuite hostname="AshokLP" failures="0" tests="1" name="com.lao.restassured.HamcrestJsonShemaValidator" time="0.766" errors="0" timestamp="2023-08-24T12:00:59 IST" skipped="0">
  <testcase classname="com.lao.restassured.HamcrestJsonShemaValidator" name="validate" time="0.766"/>
  <system-out/>
</testsuite> <!-- com.lao.restassured.HamcrestJsonShemaValidator -->
