<?xml version="1.0" encoding="UTF-8"?>
<!-- Generated by org.testng.reporters.JUnitReportReporter -->
<testsuite hostname="AshokLP" failures="0" tests="1" name="com.lao.restassuredTest.CreateBook" time="2.997" errors="0" timestamp="2023-09-08T13:13:20 IST" skipped="0">
  <testcase classname="com.lao.restassuredTest.CreateBook" name="createbook" time="2.997"/>
  <system-out/>
</testsuite> <!-- com.lao.restassuredTest.CreateBook -->
