<?xml version="1.0" encoding="UTF-8"?>
<!-- Generated by org.testng.reporters.JUnitReportReporter -->
<testsuite hostname="AshokLP" failures="0" tests="1" name="com.lao.restassured.NetworkNtJsonSchmeaValidator" time="0.384" errors="0" timestamp="2023-05-03T11:25:58 IST" skipped="0">
  <testcase classname="com.lao.restassured.NetworkNtJsonSchmeaValidator" name="validateJSONSchema" time="0.384"/>
  <system-out/>
</testsuite> <!-- com.lao.restassured.NetworkNtJsonSchmeaValidator -->
