<?xml version="1.0" encoding="UTF-8"?>
<!-- Generated by org.testng.reporters.JUnitReportReporter -->
<testsuite hostname="AshokLP" failures="0" tests="1" name="com.lao.restassuredTest.Demo1_GetRequest" time="3.670" errors="0" timestamp="2023-08-28T15:43:49 IST" skipped="0">
  <testcase classname="com.lao.restassuredTest.Demo1_GetRequest" name="getEmployees" time="3.670"/>
  <system-out/>
</testsuite> <!-- com.lao.restassuredTest.Demo1_GetRequest -->
