<?xml version="1.0" encoding="UTF-8"?>
<!-- Generated by org.testng.reporters.JUnitReportReporter -->
<testsuite hostname="AshokLP" failures="0" tests="1" name="com.ems.bdd_style.basicAuth" time="4.341" errors="0" timestamp="2024-05-22T11:42:25 IST" skipped="0">
  <testcase classname="com.ems.bdd_style.basicAuth" name="basicauth" time="4.341"/>
  <system-out/>
</testsuite> <!-- com.ems.bdd_style.basicAuth -->
