<?xml version="1.0" encoding="UTF-8"?>
<!-- Generated by org.testng.reporters.JUnitReportReporter -->
<testsuite hostname="AshokLP" failures="0" tests="2" name="com.lao.restassured.SampleGetRequest" time="5.821" errors="0" timestamp="2022-04-26T11:03:28 IST" skipped="0">
  <testcase classname="com.lao.restassured.SampleGetRequest" name="getrequest" time="1.014"/>
  <system-out/>
  <testcase classname="com.lao.restassured.SampleGetRequest" name="anothergetrequest" time="4.807"/>
  <system-out/>
</testsuite> <!-- com.lao.restassured.SampleGetRequest -->
