<?xml version="1.0" encoding="UTF-8"?>
<!-- Generated by org.testng.reporters.JUnitReportReporter -->
<testsuite hostname="AshokLP" failures="0" tests="1" name="com.lao.restassured.CreateBook" time="3.251" errors="0" timestamp="2023-03-31T11:20:19 IST" skipped="0">
  <testcase classname="com.lao.restassured.CreateBook" name="createbook" time="3.251"/>
  <system-out/>
</testsuite> <!-- com.lao.restassured.CreateBook -->
