<?xml version="1.0" encoding="UTF-8"?>
<!-- Generated by org.testng.reporters.JUnitReportReporter -->
<testsuite hostname="AshokLP" failures="0" tests="1" name="com.ems.bdd_style.GetAllEmployees" time="4.852" errors="0" timestamp="2023-04-03T14:33:20 IST" skipped="0">
  <testcase classname="com.ems.bdd_style.GetAllEmployees" name="getAllEmployees" time="4.852"/>
  <system-out/>
</testsuite> <!-- com.ems.bdd_style.GetAllEmployees -->
