<?xml version="1.0" encoding="UTF-8"?>
<!-- Generated by org.testng.reporters.JUnitReportReporter -->
<testsuite hostname="AshokLP" failures="0" tests="2" name="com.lao.restassuredTest.SamplePutRequest" time="3.379" errors="0" timestamp="2023-08-28T11:50:08 IST" skipped="0">
  <testcase classname="com.lao.restassuredTest.SamplePutRequest" name="deleterequest" time="2.730"/>
  <system-out/>
  <testcase classname="com.lao.restassuredTest.SamplePutRequest" name="putrequestexample" time="0.649"/>
  <system-out/>
</testsuite> <!-- com.lao.restassuredTest.SamplePutRequest -->
