<?xml version="1.0" encoding="UTF-8"?>
<!-- Generated by org.testng.reporters.JUnitReportReporter -->
<testsuite hostname="AshokLP" failures="0" tests="2" name="com.lao.restassured.SamplePutRequest" time="5.013" errors="0" timestamp="2022-04-26T11:04:12 IST" skipped="0">
  <testcase classname="com.lao.restassured.SamplePutRequest" name="putrequestexample" time="1.289"/>
  <system-out/>
  <testcase classname="com.lao.restassured.SamplePutRequest" name="deleterequest" time="3.724"/>
  <system-out/>
</testsuite> <!-- com.lao.restassured.SamplePutRequest -->
