<?xml version="1.0" encoding="UTF-8"?>
<!-- Generated by org.testng.reporters.JUnitReportReporter -->
<testsuite hostname="AshokLP" failures="0" tests="1" name="com.pavan.restassured.GetRequest" time="3.110" errors="0" timestamp="2024-06-24T15:51:41 IST" skipped="0">
  <testcase classname="com.pavan.restassured.GetRequest" name="getpet" time="3.110"/>
  <system-out/>
</testsuite> <!-- com.pavan.restassured.GetRequest -->
